This is pdfTeX, Version 3.14159265-2.6-1.40.19 (MiKTeX 2.9.6730 64-bit) (preloaded format=pdflatex 2018.7.19)  14 AUG 2018 17:05
entering extended mode
**"./Parcial 1.tex"
("Parcial 1.tex"
LaTeX2e <2018-04-01> patch level 5

("C:\Users\ESTUARDO\AppData\Local\Programs\MiKTeX 2.1\tex\latex\base\article.cl
s"
Document Class: article 2014/09/29 v1.4h Standard LaTeX document class
("C:\Users\ESTUARDO\AppData\Local\Programs\MiKTeX 2.1\tex\latex\base\size10.clo
"
File: size10.clo 2014/09/29 v1.4h Standard LaTeX file (size option)
)
\c@part=\count80
\c@section=\count81
\c@subsection=\count82
\c@subsubsection=\count83
\c@paragraph=\count84
\c@subparagraph=\count85
\c@figure=\count86
\c@table=\count87
\abovecaptionskip=\skip41
\belowcaptionskip=\skip42
\bibindent=\dimen102
)
("C:\Users\ESTUARDO\AppData\Local\Programs\MiKTeX 2.1\tex\latex\fancyhdr\fancyh
dr.sty"
Package: fancyhdr 2017/06/30 v3.9a Extensive control of page headers and footer
s
\f@nch@headwidth=\skip43
\f@nch@O@elh=\skip44
\f@nch@O@erh=\skip45
\f@nch@O@olh=\skip46
\f@nch@O@orh=\skip47
\f@nch@O@elf=\skip48
\f@nch@O@erf=\skip49
\f@nch@O@olf=\skip50
\f@nch@O@orf=\skip51
)
("C:\Users\ESTUARDO\AppData\Local\Programs\MiKTeX 2.1\tex\latex\lastpage\lastpa
ge.sty"
Package: lastpage 2015/03/29 v1.2m Refers to last page's name (HMM; JPG)
)
("C:\Users\ESTUARDO\AppData\Local\Programs\MiKTeX 2.1\tex\latex\fancyhdr\extram
arks.sty"
Package: extramarks 2017/06/30 v3.9a Extra marks for LaTeX
\@temptokenb=\toks14
)
("C:\Users\ESTUARDO\AppData\Local\Programs\MiKTeX 2.1\tex\latex\graphics\color.
sty"
Package: color 2016/07/10 v1.1e Standard LaTeX Color (DPC)

("C:\Users\ESTUARDO\AppData\Local\Programs\MiKTeX 2.1\tex\latex\graphics-cfg\co
lor.cfg"
File: color.cfg 2016/01/02 v1.6 sample color configuration
)
Package color Info: Driver file: pdftex.def on input line 147.

("C:\Users\ESTUARDO\AppData\Local\Programs\MiKTeX 2.1\tex\latex\graphics-def\pd
ftex.def"
File: pdftex.def 2018/01/08 v1.0l Graphics/color driver for pdftex
)
("C:\Users\ESTUARDO\AppData\Local\Programs\MiKTeX 2.1\tex\latex\graphics\dvipsn
am.def"
File: dvipsnam.def 2016/06/17 v3.0m Driver-dependent file (DPC,SPQR)
))
("C:\Users\ESTUARDO\AppData\Local\Programs\MiKTeX 2.1\tex\latex\graphics\graphi
cx.sty"
Package: graphicx 2017/06/01 v1.1a Enhanced LaTeX Graphics (DPC,SPQR)

("C:\Users\ESTUARDO\AppData\Local\Programs\MiKTeX 2.1\tex\latex\graphics\keyval
.sty"
Package: keyval 2014/10/28 v1.15 key=value parser (DPC)
\KV@toks@=\toks15
)
("C:\Users\ESTUARDO\AppData\Local\Programs\MiKTeX 2.1\tex\latex\graphics\graphi
cs.sty"
Package: graphics 2017/06/25 v1.2c Standard LaTeX Graphics (DPC,SPQR)

("C:\Users\ESTUARDO\AppData\Local\Programs\MiKTeX 2.1\tex\latex\graphics\trig.s
ty"
Package: trig 2016/01/03 v1.10 sin cos tan (DPC)
)
("C:\Users\ESTUARDO\AppData\Local\Programs\MiKTeX 2.1\tex\latex\graphics-cfg\gr
aphics.cfg"
File: graphics.cfg 2016/06/04 v1.11 sample graphics configuration
)
Package graphics Info: Driver file: pdftex.def on input line 99.
)
\Gin@req@height=\dimen103
\Gin@req@width=\dimen104
)
("C:\Users\ESTUARDO\AppData\Local\Programs\MiKTeX 2.1\tex\latex\listings\listin
gs.sty"
\lst@mode=\count88
\lst@gtempboxa=\box26
\lst@token=\toks16
\lst@length=\count89
\lst@currlwidth=\dimen105
\lst@column=\count90
\lst@pos=\count91
\lst@lostspace=\dimen106
\lst@width=\dimen107
\lst@newlines=\count92
\lst@lineno=\count93
\lst@maxwidth=\dimen108

("C:\Users\ESTUARDO\AppData\Local\Programs\MiKTeX 2.1\tex\latex\listings\lstmis
c.sty"
File: lstmisc.sty 2015/06/04 1.6 (Carsten Heinz)
\c@lstnumber=\count94
\lst@skipnumbers=\count95
\lst@framebox=\box27
)
("C:\Users\ESTUARDO\AppData\Local\Programs\MiKTeX 2.1\tex\latex\listings\listin
gs.cfg"
File: listings.cfg 2015/06/04 1.6 listings configuration
))
Package: listings 2015/06/04 1.6 (Carsten Heinz)

("C:\Users\ESTUARDO\AppData\Local\Programs\MiKTeX 2.1\tex\latex\psnfss\courier.
sty"
Package: courier 2005/04/12 PSNFSS-v9.2a (WaS) 
)
("C:\Users\ESTUARDO\AppData\Local\Programs\MiKTeX 2.1\tex\latex\multirow\multir
ow.sty"
Package: multirow 2016/11/25 v2.2 Span multiple rows of a table
\multirow@colwidth=\skip52
\multirow@cntb=\count96
\multirow@dima=\skip53
\bigstrutjot=\dimen109
)
("C:\Users\ESTUARDO\AppData\Local\Programs\MiKTeX 2.1\tex\latex\hyperref\hyperr
ef.sty"
Package: hyperref 2018/02/06 v6.86b Hypertext links for LaTeX

("C:\Users\ESTUARDO\AppData\Local\Programs\MiKTeX 2.1\tex\generic\oberdiek\hobs
ub-hyperref.sty"
Package: hobsub-hyperref 2016/05/16 v1.14 Bundle oberdiek, subset hyperref (HO)


("C:\Users\ESTUARDO\AppData\Local\Programs\MiKTeX 2.1\tex\generic\oberdiek\hobs
ub-generic.sty"
Package: hobsub-generic 2016/05/16 v1.14 Bundle oberdiek, subset generic (HO)
Package: hobsub 2016/05/16 v1.14 Construct package bundles (HO)
Package: infwarerr 2016/05/16 v1.4 Providing info/warning/error messages (HO)
Package: ltxcmds 2016/05/16 v1.23 LaTeX kernel commands for general use (HO)
Package: ifluatex 2016/05/16 v1.4 Provides the ifluatex switch (HO)
Package ifluatex Info: LuaTeX not detected.
Package: ifvtex 2016/05/16 v1.6 Detect VTeX and its facilities (HO)
Package ifvtex Info: VTeX not detected.
Package: intcalc 2016/05/16 v1.2 Expandable calculations with integers (HO)
Package: ifpdf 2017/03/15 v3.2 Provides the ifpdf switch
Package: etexcmds 2016/05/16 v1.6 Avoid name clashes with e-TeX commands (HO)
Package etexcmds Info: Could not find \expanded.
(etexcmds)             That can mean that you are not using pdfTeX 1.50 or
(etexcmds)             that some package has redefined \expanded.
(etexcmds)             In the latter case, load this package earlier.
Package: kvsetkeys 2016/05/16 v1.17 Key value parser (HO)
Package: kvdefinekeys 2016/05/16 v1.4 Define keys (HO)
Package: pdftexcmds 2018/01/30 v0.27 Utility functions of pdfTeX for LuaTeX (HO
)
Package pdftexcmds Info: LuaTeX not detected.
Package pdftexcmds Info: \pdf@primitive is available.
Package pdftexcmds Info: \pdf@ifprimitive is available.
Package pdftexcmds Info: \pdfdraftmode found.
Package: pdfescape 2016/05/16 v1.14 Implements pdfTeX's escape features (HO)
Package: bigintcalc 2016/05/16 v1.4 Expandable calculations on big integers (HO
)
Package: bitset 2016/05/16 v1.2 Handle bit-vector datatype (HO)
Package: uniquecounter 2016/05/16 v1.3 Provide unlimited unique counter (HO)
)
Package hobsub Info: Skipping package `hobsub' (already loaded).
Package: letltxmacro 2016/05/16 v1.5 Let assignment for LaTeX macros (HO)
Package: hopatch 2016/05/16 v1.3 Wrapper for package hooks (HO)
Package: xcolor-patch 2016/05/16 xcolor patch
Package: atveryend 2016/05/16 v1.9 Hooks at the very end of document (HO)
Package atveryend Info: \enddocument detected (standard20110627).
Package: atbegshi 2016/06/09 v1.18 At begin shipout hook (HO)
Package: refcount 2016/05/16 v3.5 Data extraction from label references (HO)
Package: hycolor 2016/05/16 v1.8 Color options for hyperref/bookmark (HO)
)
("C:\Users\ESTUARDO\AppData\Local\Programs\MiKTeX 2.1\tex\generic\ifxetex\ifxet
ex.sty"
Package: ifxetex 2010/09/12 v0.6 Provides ifxetex conditional
)
("C:\Users\ESTUARDO\AppData\Local\Programs\MiKTeX 2.1\tex\latex\oberdiek\auxhoo
k.sty"
Package: auxhook 2016/05/16 v1.4 Hooks for auxiliary files (HO)
)
("C:\Users\ESTUARDO\AppData\Local\Programs\MiKTeX 2.1\tex\latex\oberdiek\kvopti
ons.sty"
Package: kvoptions 2016/05/16 v3.12 Key value format for package options (HO)
)
\@linkdim=\dimen110
\Hy@linkcounter=\count97
\Hy@pagecounter=\count98

("C:\Users\ESTUARDO\AppData\Local\Programs\MiKTeX 2.1\tex\latex\hyperref\pd1enc
.def"
File: pd1enc.def 2018/02/06 v6.86b Hyperref: PDFDocEncoding definition (HO)
Now handling font encoding PD1 ...
... no UTF-8 mapping file for font encoding PD1
)
\Hy@SavedSpaceFactor=\count99

("C:\Users\ESTUARDO\AppData\Local\Programs\MiKTeX 2.1\tex\latex\00miktex\hyperr
ef.cfg"
File: hyperref.cfg 2002/06/06 v1.2 hyperref configuration of TeXLive
)
Package hyperref Info: Hyper figures OFF on input line 4509.
Package hyperref Info: Link nesting OFF on input line 4514.
Package hyperref Info: Hyper index ON on input line 4517.
Package hyperref Info: Plain pages OFF on input line 4524.
Package hyperref Info: Backreferencing OFF on input line 4529.
Package hyperref Info: Implicit mode ON; LaTeX internals redefined.
Package hyperref Info: Bookmarks ON on input line 4762.
\c@Hy@tempcnt=\count100

("C:\Users\ESTUARDO\AppData\Local\Programs\MiKTeX 2.1\tex\latex\url\url.sty"
\Urlmuskip=\muskip10
Package: url 2013/09/16  ver 3.4  Verb mode for urls, etc.
)
LaTeX Info: Redefining \url on input line 5115.
\XeTeXLinkMargin=\dimen111
\Fld@menulength=\count101
\Field@Width=\dimen112
\Fld@charsize=\dimen113
Package hyperref Info: Hyper figures OFF on input line 6369.
Package hyperref Info: Link nesting OFF on input line 6374.
Package hyperref Info: Hyper index ON on input line 6377.
Package hyperref Info: backreferencing OFF on input line 6384.
Package hyperref Info: Link coloring OFF on input line 6389.
Package hyperref Info: Link coloring with OCG OFF on input line 6394.
Package hyperref Info: PDF/A mode OFF on input line 6399.
LaTeX Info: Redefining \ref on input line 6439.
LaTeX Info: Redefining \pageref on input line 6443.
\Hy@abspage=\count102
\c@Item=\count103
\c@Hfootnote=\count104
)
Package hyperref Info: Driver (autodetected): hpdftex.

("C:\Users\ESTUARDO\AppData\Local\Programs\MiKTeX 2.1\tex\latex\hyperref\hpdfte
x.def"
File: hpdftex.def 2018/02/06 v6.86b Hyperref driver for pdfTeX
\Fld@listcount=\count105
\c@bookmark@seq@number=\count106

("C:\Users\ESTUARDO\AppData\Local\Programs\MiKTeX 2.1\tex\latex\oberdiek\rerunf
ilecheck.sty"
Package: rerunfilecheck 2016/05/16 v1.8 Rerun checks for auxiliary files (HO)
Package uniquecounter Info: New unique counter `rerunfilecheck' on input line 2
82.
)
\Hy@SectionHShift=\skip54
)
("C:\Users\ESTUARDO\AppData\Local\Programs\MiKTeX 2.1\tex\latex\base\inputenc.s
ty"
Package: inputenc 2018/04/06 v1.3b Input encoding file
\inpenc@prehook=\toks17
\inpenc@posthook=\toks18
)
("C:\Users\ESTUARDO\AppData\Local\Programs\MiKTeX 2.1\tex\latex\listings\lstlan
g1.sty"
File: lstlang1.sty 2015/06/04 1.6 listings language file
)
("C:\Users\ESTUARDO\AppData\Local\Programs\MiKTeX 2.1\tex\latex\listings\lstmis
c.sty"
File: lstmisc.sty 2015/06/04 1.6 (Carsten Heinz)
)
("C:\Users\ESTUARDO\AppData\Local\Programs\MiKTeX 2.1\tex\latex\listings\lstlan
g1.sty"
File: lstlang1.sty 2015/06/04 1.6 listings language file
) ("Parcial 1.aux")
\openout1 = `"Parcial 1.aux"'.

LaTeX Font Info:    Checking defaults for OML/cmm/m/it on input line 68.
LaTeX Font Info:    ... okay on input line 68.
LaTeX Font Info:    Checking defaults for T1/cmr/m/n on input line 68.
LaTeX Font Info:    ... okay on input line 68.
LaTeX Font Info:    Checking defaults for OT1/cmr/m/n on input line 68.
LaTeX Font Info:    ... okay on input line 68.
LaTeX Font Info:    Checking defaults for OMS/cmsy/m/n on input line 68.
LaTeX Font Info:    ... okay on input line 68.
LaTeX Font Info:    Checking defaults for OMX/cmex/m/n on input line 68.
LaTeX Font Info:    ... okay on input line 68.
LaTeX Font Info:    Checking defaults for U/cmr/m/n on input line 68.
LaTeX Font Info:    ... okay on input line 68.
LaTeX Font Info:    Checking defaults for PD1/pdf/m/n on input line 68.
LaTeX Font Info:    ... okay on input line 68.
Package lastpage Info: Please have a look at the pageslts package at
(lastpage)             https://www.ctan.org/pkg/pageslts
(lastpage)             ! on input line 68.

("C:\Users\ESTUARDO\AppData\Local\Programs\MiKTeX 2.1\tex\context\base\supp-pdf
.mkii"
[Loading MPS to PDF converter (version 2006.09.02).]
\scratchcounter=\count107
\scratchdimen=\dimen114
\scratchbox=\box28
\nofMPsegments=\count108
\nofMParguments=\count109
\everyMPshowfont=\toks19
\MPscratchCnt=\count110
\MPscratchDim=\dimen115
\MPnumerator=\count111
\makeMPintoPDFobject=\count112
\everyMPtoPDFconversion=\toks20
)
("C:\Users\ESTUARDO\AppData\Local\Programs\MiKTeX 2.1\tex\latex\oberdiek\epstop
df-base.sty"
Package: epstopdf-base 2016/05/15 v2.6 Base part for package epstopdf

("C:\Users\ESTUARDO\AppData\Local\Programs\MiKTeX 2.1\tex\latex\oberdiek\grfext
.sty"
Package: grfext 2016/05/16 v1.2 Manage graphics extensions (HO)
)
Package epstopdf-base Info: Redefining graphics rule for `.eps' on input line 4
38.
Package grfext Info: Graphics extension search list:
(grfext)             [.pdf,.png,.jpg,.mps,.jpeg,.jbig2,.jb2,.PDF,.PNG,.JPG,.JPE
G,.JBIG2,.JB2,.eps]
(grfext)             \AppendGraphicsExtensions on input line 456.
)
\c@lstlisting=\count113
\AtBeginShipoutBox=\box29
Package hyperref Info: Link coloring OFF on input line 68.

("C:\Users\ESTUARDO\AppData\Local\Programs\MiKTeX 2.1\tex\latex\hyperref\namere
f.sty"
Package: nameref 2016/05/21 v2.44 Cross-referencing by name of section

("C:\Users\ESTUARDO\AppData\Local\Programs\MiKTeX 2.1\tex\generic\oberdiek\gett
itlestring.sty"
Package: gettitlestring 2016/05/16 v1.5 Cleanup title references (HO)
)
\c@section@level=\count114
)
LaTeX Info: Redefining \ref on input line 68.
LaTeX Info: Redefining \pageref on input line 68.
LaTeX Info: Redefining \nameref on input line 68.
 ("Parcial 1.out") ("Parcial 1.out")
\@outlinefile=\write3
\openout3 = `"Parcial 1.out"'.

LaTeX Font Info:    External font `cmex10' loaded for size
(Font)              <7> on input line 70.
LaTeX Font Info:    External font `cmex10' loaded for size
(Font)              <5> on input line 70.

Underfull \hbox (badness 10000) in paragraph at lines 70--77

 []


Underfull \hbox (badness 10000) in paragraph at lines 70--77

 []


Underfull \hbox (badness 10000) in paragraph at lines 70--77

 []

LaTeX Font Info:    Try loading font information for OMS+cmr on input line 96.
("C:\Users\ESTUARDO\AppData\Local\Programs\MiKTeX 2.1\tex\latex\base\omscmr.fd"
File: omscmr.fd 2014/09/29 v2.5h Standard LaTeX font definitions
)
LaTeX Font Info:    Font shape `OMS/cmr/m/n' in size <10> not available
(Font)              Font shape `OMS/cmsy/m/n' tried instead on input line 96.
<gr.png, id=8, 287.57437pt x 248.42813pt>
File: gr.png Graphic file (type png)
<use gr.png>
Package pdftex.def Info: gr.png  used on input line 115.
(pdftex.def)             Requested size: 234.87749pt x 202.90875pt.

Underfull \hbox (badness 10000) in paragraph at lines 112--127

 []


Underfull \hbox (badness 10000) in paragraph at lines 112--127

 []


Underfull \hbox (badness 10000) in paragraph at lines 112--127

 []


Underfull \hbox (badness 10000) in paragraph at lines 112--127

 []


Underfull \hbox (badness 10000) in paragraph at lines 112--127

 []


Underfull \hbox (badness 10000) in paragraph at lines 112--127

 []


Underfull \hbox (badness 10000) in paragraph at lines 112--127

 []


Underfull \hbox (badness 10000) in paragraph at lines 112--127

 []

[1

{C:/Users/ESTUARDO/AppData/Local/MiKTeX/2.9/pdftex/config/pdftex.map}]
Underfull \hbox (badness 10000) in paragraph at lines 132--139

 []


Underfull \hbox (badness 10000) in paragraph at lines 132--139

 []

[2 <./gr.png>] 
AED: lastpage setting LastPage
[3]
Package atveryend Info: Empty hook `BeforeClearDocument' on input line 204.
Package atveryend Info: Empty hook `AfterLastShipout' on input line 204.
 ("Parcial 1.aux")
Package atveryend Info: Executing hook `AtVeryEndDocument' on input line 204.
Package atveryend Info: Executing hook `AtEndAfterFileList' on input line 204.
Package rerunfilecheck Info: File `"Parcial 1".out' has not changed.
(rerunfilecheck)             Checksum: 4D5C287EC5FD66BCFA8775DEA71B1D9F;61.
Package atveryend Info: Empty hook `AtVeryVeryEnd' on input line 204.
 ) 
Here is how much of TeX's memory you used:
 6823 strings out of 492973
 103107 string characters out of 3125363
 220122 words of memory out of 3000000
 10621 multiletter control sequences out of 15000+200000
 5496 words of font info for 20 fonts, out of 3000000 for 9000
 1141 hyphenation exceptions out of 8191
 28i,7n,43p,294b,405s stack positions out of 5000i,500n,10000p,200000b,50000s
<C:/Users/ESTUARDO/AppData/Local/Programs/MiKTeX 2.1/fonts/type1/public/amsfo
nts/cm/cmbx10.pfb><C:/Users/ESTUARDO/AppData/Local/Programs/MiKTeX 2.1/fonts/ty
pe1/public/amsfonts/cm/cmbx12.pfb><C:/Users/ESTUARDO/AppData/Local/Programs/MiK
TeX 2.1/fonts/type1/public/amsfonts/cm/cmex10.pfb><C:/Users/ESTUARDO/AppData/Lo
cal/Programs/MiKTeX 2.1/fonts/type1/public/amsfonts/cm/cmmi10.pfb><C:/Users/EST
UARDO/AppData/Local/Programs/MiKTeX 2.1/fonts/type1/public/amsfonts/cm/cmmi7.pf
b><C:/Users/ESTUARDO/AppData/Local/Programs/MiKTeX 2.1/fonts/type1/public/amsfo
nts/cm/cmr10.pfb><C:/Users/ESTUARDO/AppData/Local/Programs/MiKTeX 2.1/fonts/typ
e1/public/amsfonts/cm/cmr12.pfb><C:/Users/ESTUARDO/AppData/Local/Programs/MiKTe
X 2.1/fonts/type1/public/amsfonts/cm/cmr17.pfb><C:/Users/ESTUARDO/AppData/Local
/Programs/MiKTeX 2.1/fonts/type1/public/amsfonts/cm/cmr7.pfb><C:/Users/ESTUARDO
/AppData/Local/Programs/MiKTeX 2.1/fonts/type1/public/amsfonts/cm/cmsy10.pfb><C
:/Users/ESTUARDO/AppData/Local/Programs/MiKTeX 2.1/fonts/type1/public/amsfonts/
cm/cmsy7.pfb><C:/Users/ESTUARDO/AppData/Local/Programs/MiKTeX 2.1/fonts/type1/p
ublic/amsfonts/cm/cmti10.pfb>
Output written on "Parcial 1.pdf" (3 pages, 140962 bytes).
PDF statistics:
 90 PDF objects out of 1000 (max. 8388607)
 16 named destinations out of 1000 (max. 500000)
 14 words of extra memory for PDF output out of 10000 (max. 10000000)

